19/08/22 13:18:49.40 [:00000002] LAUNCH snlua bootstrap
19/08/22 13:18:49.40 [:00000003] LAUNCH snlua launcher
19/08/22 13:18:49.40 [:00000004] LAUNCH snlua cdummy
19/08/22 13:18:49.40 [:00000005] LAUNCH harbor 0 4
19/08/22 13:18:49.40 [:00000006] LAUNCH snlua datacenterd
19/08/22 13:18:49.41 [:00000007] LAUNCH snlua service_mgr
19/08/22 13:18:49.41 [:00000008] LAUNCH snlua cluster1
19/08/22 13:18:49.41 [:00000009] LAUNCH snlua clusterd
19/08/22 13:18:49.41 [:0000000a] LAUNCH snlua simpledb
19/08/22 13:18:49.41 [:0000000b] LAUNCH snlua gate
19/08/22 13:18:49.41 [:0000000b] Listen on 127.0.0.1:2528
19/08/22 13:18:49.41 [:0000000c] LAUNCH snlua gate
19/08/22 13:18:49.41 [:0000000c] Listen on 127.0.0.1:2529
19/08/22 13:18:49.41 [:00000002] KILL self
19/08/22 13:20:31.90 [:00000002] LAUNCH snlua bootstrap
19/08/22 13:20:31.90 [:00000003] LAUNCH snlua launcher
19/08/22 13:20:31.90 [:00000004] LAUNCH snlua cdummy
19/08/22 13:20:31.90 [:00000005] LAUNCH harbor 0 4
19/08/22 13:20:31.90 [:00000006] LAUNCH snlua datacenterd
19/08/22 13:20:31.90 [:00000007] LAUNCH snlua service_mgr
19/08/22 13:20:31.91 [:00000008] LAUNCH snlua cluster1
19/08/22 13:20:31.91 [:00000009] LAUNCH snlua clusterd
19/08/22 13:20:31.91 [:0000000a] LAUNCH snlua simpledb
19/08/22 13:20:31.91 [:0000000b] LAUNCH snlua gate
19/08/22 13:20:31.91 [:0000000b] Listen on 127.0.0.1:2528
19/08/22 13:20:31.91 [:0000000c] LAUNCH snlua gate
19/08/22 13:20:31.91 [:0000000c] Listen on 127.0.0.1:2529
19/08/22 13:20:31.91 [:00000002] KILL self
19/08/22 13:24:58.13 [:00000002] LAUNCH snlua bootstrap
19/08/22 13:24:58.13 [:00000003] LAUNCH snlua launcher
19/08/22 13:24:58.13 [:00000004] LAUNCH snlua cdummy
19/08/22 13:24:58.13 [:00000005] LAUNCH harbor 0 4
19/08/22 13:24:58.13 [:00000006] LAUNCH snlua datacenterd
19/08/22 13:24:58.13 [:00000007] LAUNCH snlua service_mgr
19/08/22 13:24:58.13 [:00000008] LAUNCH snlua cluster1
19/08/22 13:24:58.14 [:00000009] LAUNCH snlua clusterd
19/08/22 13:24:58.14 [:0000000a] LAUNCH snlua simpledb
19/08/22 13:24:58.14 [:00000009] Register [sdb] :0000000a
19/08/22 13:24:58.14 [:0000000b] LAUNCH snlua gate
19/08/22 13:24:58.14 [:0000000b] Listen on 127.0.0.1:2528
19/08/22 13:24:58.14 [:0000000c] LAUNCH snlua gate
19/08/22 13:24:58.14 [:0000000c] Listen on 127.0.0.1:2529
19/08/22 13:24:58.14 [:00000008] init service failed: ./lualib/skynet/snax.lua:112: service/service_mgr.lua:25: ./lualib/snax/interface.lua:76: please set snax in config file
stack traceback:
	[C]: in function 'assert'
	./lualib/skynet/snax.lua:112: in function 'skynet.snax.uniqueservice'
	test_base/cluster_test/cluster1.lua:24: in upvalue 'start'
	./lualib/skynet.lua:936: in function <./lualib/skynet.lua:934>
	[C]: in function 'xpcall'
	./lualib/skynet.lua:938: in function 'skynet.init_service'
	./lualib/skynet.lua:951: in upvalue 'f'
	./lualib/skynet.lua:253: in function <./lualib/skynet.lua:252>
19/08/22 13:24:58.14 [:00000008] KILL self
19/08/22 13:24:58.14 [:00000002] KILL self
19/08/22 13:28:25.47 [:00000002] LAUNCH snlua bootstrap
19/08/22 13:28:25.47 [:00000003] LAUNCH snlua launcher
19/08/22 13:28:25.47 [:00000004] LAUNCH snlua cdummy
19/08/22 13:28:25.47 [:00000005] LAUNCH harbor 0 4
19/08/22 13:28:25.47 [:00000006] LAUNCH snlua datacenterd
19/08/22 13:28:25.47 [:00000007] LAUNCH snlua service_mgr
19/08/22 13:28:25.48 [:00000008] LAUNCH snlua cluster1
19/08/22 13:28:25.48 [:00000009] LAUNCH snlua clusterd
19/08/22 13:28:25.48 [:0000000a] LAUNCH snlua simpledb
19/08/22 13:28:25.48 [:00000009] Register [sdb] :0000000a
19/08/22 13:28:25.48 [:0000000b] LAUNCH snlua gate
19/08/22 13:28:25.48 [:0000000b] Listen on 127.0.0.1:2528
19/08/22 13:28:25.48 [:0000000c] LAUNCH snlua gate
19/08/22 13:28:25.48 [:0000000c] Listen on 127.0.0.1:2529
19/08/22 13:28:25.48 [:00000002] KILL self
19/08/22 13:30:15.49 [:00000002] LAUNCH snlua bootstrap
19/08/22 13:30:15.49 [:00000003] LAUNCH snlua launcher
19/08/22 13:30:15.49 [:00000004] LAUNCH snlua cdummy
19/08/22 13:30:15.49 [:00000005] LAUNCH harbor 0 4
19/08/22 13:30:15.49 [:00000006] LAUNCH snlua datacenterd
19/08/22 13:30:15.49 [:00000007] LAUNCH snlua service_mgr
19/08/22 13:30:15.49 [:00000008] LAUNCH snlua cluster1
19/08/22 13:30:15.50 [:00000009] LAUNCH snlua clusterd
19/08/22 13:30:15.50 [:0000000a] LAUNCH snlua simpledb
19/08/22 13:30:15.50 [:00000009] Register [sdb] :0000000a
19/08/22 13:30:15.50 [:0000000b] LAUNCH snlua gate
19/08/22 13:30:15.50 [:0000000b] Listen on 127.0.0.1:2528
19/08/22 13:30:15.50 [:0000000c] LAUNCH snlua gate
19/08/22 13:30:15.50 [:0000000c] Listen on 127.0.0.1:2529
19/08/22 13:30:15.50 [:00000002] KILL self
19/08/22 13:42:14.08 [:00000009] socket accept from 127.0.0.1:3052
19/08/22 13:42:14.08 [:0000000d] LAUNCH snlua clusteragent 9 11 3
19/08/22 13:42:14.09 [:0000000d] <TRACE (LF-010200038823156-db-4):00000008-1> 701800907436300 tracecall begin
19/08/22 13:42:14.09 [:0000000a] <TRACE (LF-010200038823156-db-4):00000008-1> 701800907458000 request
19/08/22 13:42:14.09 [:0000000a] <TRACE (LF-010200038823156-db-4):00000008-1> 701800907460600 response
19/08/22 13:42:14.09 [:0000000a] <TRACE (LF-010200038823156-db-4):00000008-1> 701800907461600 end
19/08/22 13:42:14.09 [:0000000d] <TRACE (LF-010200038823156-db-4):00000008-1> 701800907469400 tracecall end
19/08/22 13:42:14.09 [:00000009] socket accept from 127.0.0.1:3053
19/08/22 13:42:14.09 [:0000000e] LAUNCH snlua clusteragent 9 12 4
19/08/22 13:42:14.09 [:0000000e] <TRACE (LF-010200038823156-db2-2):00000008-1> 701800910141100 tracecall begin
19/08/22 13:42:14.09 [:0000000a] <TRACE (LF-010200038823156-db2-2):00000008-1> 701800910159600 request
19/08/22 13:42:14.09 [:0000000a] <TRACE (LF-010200038823156-db2-2):00000008-1> 701800910161900 response
19/08/22 13:42:14.09 [:0000000a] <TRACE (LF-010200038823156-db2-2):00000008-1> 701800910162800 end
19/08/22 13:42:14.09 [:0000000e] <TRACE (LF-010200038823156-db2-2):00000008-1> 701800910169400 tracecall end
19/08/22 13:42:14.10 [:0000000a] :0000000e ping db2:longstringRRRRRR...(102414)
19/08/22 13:42:17.09 [:0000000d] KILL self
19/08/22 13:42:17.09 [:00000009] socket accept from 127.0.0.1:3055
19/08/22 13:42:17.09 [:0000000f] LAUNCH snlua clusteragent 9 12 5
19/08/22 13:42:20.91 [:0000000e] KILL self
19/08/22 13:42:20.91 [:0000000f] KILL self
