19/08/22 13:18:57.82 [:00000002] LAUNCH snlua bootstrap
19/08/22 13:18:57.83 [:00000003] LAUNCH snlua launcher
19/08/22 13:18:57.83 [:00000004] LAUNCH snlua cdummy
19/08/22 13:18:57.83 [:00000005] LAUNCH harbor 0 4
19/08/22 13:18:57.83 [:00000006] LAUNCH snlua datacenterd
19/08/22 13:18:57.83 [:00000007] LAUNCH snlua service_mgr
19/08/22 13:18:57.83 [:00000008] LAUNCH snlua cluster2
19/08/22 13:18:57.83 [:00000009] LAUNCH snlua clusterd
19/08/22 13:18:57.83 [:00000009] Waiting for cluster node [db]
19/08/22 13:20:28.57 [:00000002] LAUNCH snlua bootstrap
19/08/22 13:20:28.58 [:00000003] LAUNCH snlua launcher
19/08/22 13:20:28.58 [:00000004] LAUNCH snlua cdummy
19/08/22 13:20:28.58 [:00000005] LAUNCH harbor 0 4
19/08/22 13:20:28.58 [:00000006] LAUNCH snlua datacenterd
19/08/22 13:20:28.58 [:00000007] LAUNCH snlua service_mgr
19/08/22 13:20:28.58 [:00000008] LAUNCH snlua cluster2
19/08/22 13:20:28.58 [:00000009] LAUNCH snlua clusterd
19/08/22 13:20:28.58 [:00000009] Waiting for cluster node [db1]
19/08/22 13:25:01.62 [:00000002] LAUNCH snlua bootstrap
19/08/22 13:25:01.62 [:00000003] LAUNCH snlua launcher
19/08/22 13:25:01.62 [:00000004] LAUNCH snlua cdummy
19/08/22 13:25:01.62 [:00000005] LAUNCH harbor 0 4
19/08/22 13:25:01.62 [:00000006] LAUNCH snlua datacenterd
19/08/22 13:25:01.62 [:00000007] LAUNCH snlua service_mgr
19/08/22 13:25:01.62 [:00000008] LAUNCH snlua cluster2
19/08/22 13:25:01.62 [:00000009] LAUNCH snlua clusterd
19/08/22 13:25:01.62 [:0000000a] LAUNCH snlua clusterproxy db @sdb
19/08/22 13:25:01.63 [:00000009] Waiting for cluster node [db]
19/08/22 13:28:29.76 [:00000002] LAUNCH snlua bootstrap
19/08/22 13:28:29.76 [:00000003] LAUNCH snlua launcher
19/08/22 13:28:29.76 [:00000004] LAUNCH snlua cdummy
19/08/22 13:28:29.76 [:00000005] LAUNCH harbor 0 4
19/08/22 13:28:29.76 [:00000006] LAUNCH snlua datacenterd
19/08/22 13:28:29.76 [:00000007] LAUNCH snlua service_mgr
19/08/22 13:28:29.76 [:00000008] LAUNCH snlua cluster2
19/08/22 13:28:29.77 [:00000009] LAUNCH snlua clusterd
19/08/22 13:28:29.77 [:0000000a] LAUNCH snlua clusterproxy db @sdb
19/08/22 13:28:29.77 [:00000009] Waiting for cluster node [db]
19/08/22 13:30:18.03 [:00000002] LAUNCH snlua bootstrap
19/08/22 13:30:18.03 [:00000003] LAUNCH snlua launcher
19/08/22 13:30:18.03 [:00000004] LAUNCH snlua cdummy
19/08/22 13:30:18.03 [:00000005] LAUNCH harbor 0 4
19/08/22 13:30:18.03 [:00000006] LAUNCH snlua datacenterd
19/08/22 13:30:18.03 [:00000007] LAUNCH snlua service_mgr
19/08/22 13:30:18.04 [:00000008] LAUNCH snlua cluster2
19/08/22 13:30:18.04 [:00000009] LAUNCH snlua clusterd
19/08/22 13:30:18.04 [:0000000a] LAUNCH snlua clusterproxy db @sdb
19/08/22 13:30:18.04 [:00000009] Waiting for cluster node [db]
19/08/22 13:39:54.64 [:00000002] LAUNCH snlua bootstrap
19/08/22 13:39:54.64 [:00000003] LAUNCH snlua launcher
19/08/22 13:39:54.64 [:00000004] LAUNCH snlua cdummy
19/08/22 13:39:54.64 [:00000005] LAUNCH harbor 0 4
19/08/22 13:39:54.64 [:00000006] LAUNCH snlua datacenterd
19/08/22 13:39:54.64 [:00000007] LAUNCH snlua service_mgr
19/08/22 13:39:54.64 [:00000008] LAUNCH snlua cluster2
19/08/22 13:39:54.65 [:00000009] LAUNCH snlua clusterd
19/08/22 13:39:54.65 [:0000000a] LAUNCH snlua clusterproxy db @sdb
19/08/22 13:39:54.65 [:00000009] Waiting for cluster node [db]
19/08/22 13:41:49.13 [:00000002] LAUNCH snlua bootstrap
19/08/22 13:41:49.13 [:00000003] LAUNCH snlua launcher
19/08/22 13:41:49.13 [:00000004] LAUNCH snlua cdummy
19/08/22 13:41:49.13 [:00000005] LAUNCH harbor 0 4
19/08/22 13:41:49.13 [:00000006] LAUNCH snlua datacenterd
19/08/22 13:41:49.13 [:00000007] LAUNCH snlua service_mgr
19/08/22 13:41:49.13 [:00000008] LAUNCH snlua cluster2
19/08/22 13:41:49.13 [:00000009] LAUNCH snlua clusterd
19/08/22 13:41:49.13 [:00000009] init service failed: service/clusterd.lua:91: ./test_base/cluster_test/clustername.lua: No such file or directory
stack traceback:
	[C]: in function 'assert'
	service/clusterd.lua:91: in upvalue 'loadconfig'
	service/clusterd.lua:240: in upvalue 'start'
	./lualib/skynet.lua:936: in function <./lualib/skynet.lua:934>
	[C]: in function 'xpcall'
	./lualib/skynet.lua:938: in function 'skynet.manager.init_service'
	./lualib/skynet.lua:951: in upvalue 'f'
	./lualib/skynet.lua:253: in function <./lualib/skynet.lua:252>
19/08/22 13:41:49.13 [:00000009] KILL self
19/08/22 13:41:49.13 [:00000008] init service failed: ./lualib/skynet.lua:870: service/service_mgr.lua:25: ./lualib/skynet.lua:591: call failed
stack traceback:
	[C]: in function 'assert'
	./lualib/skynet.lua:870: in function 'skynet.uniqueservice'
	./lualib/skynet/cluster.lua:114: in local 'f'
	./lualib/skynet/require.lua:103: in function 'skynet.require.init_all'
	./lualib/skynet.lua:935: in function <./lualib/skynet.lua:934>
	[C]: in function 'xpcall'
	./lualib/skynet.lua:938: in function 'skynet.init_service'
	./lualib/skynet.lua:951: in upvalue 'f'
	./lualib/skynet.lua:253: in function <./lualib/skynet.lua:252>
19/08/22 13:41:49.13 [:00000008] KILL self
19/08/22 13:41:49.13 [:00000002] KILL self
19/08/22 13:42:14.05 [:00000002] LAUNCH snlua bootstrap
19/08/22 13:42:14.05 [:00000003] LAUNCH snlua launcher
19/08/22 13:42:14.05 [:00000004] LAUNCH snlua cdummy
19/08/22 13:42:14.05 [:00000005] LAUNCH harbor 0 4
19/08/22 13:42:14.05 [:00000006] LAUNCH snlua datacenterd
19/08/22 13:42:14.05 [:00000007] LAUNCH snlua service_mgr
19/08/22 13:42:14.06 [:00000008] LAUNCH snlua cluster2
19/08/22 13:42:14.06 [:00000009] LAUNCH snlua clusterd
19/08/22 13:42:14.06 [:00000009] Config nowaiting = true
19/08/22 13:42:14.06 [:0000000a] LAUNCH snlua clusterproxy db @sdb
19/08/22 13:42:14.06 [:0000000b] LAUNCH snlua clustersender db LF-010200038823156 127.0.0.1 2528
19/08/22 13:42:14.08 [:00000008] TRACE nil
19/08/22 13:42:14.08 [:00000008] <TRACE :00000008-1> 701800907053700 trace cluster
19/08/22 13:42:14.08 [:00000008] <TRACE :00000008-1> 701800907062100 sleep : @./lualib/skynet.lua:416 @./lualib/skynet/cluster.lua:51 @./lualib/skynet/cluster.lua:63
19/08/22 13:42:14.08 [:00000009] Config nowaiting = false
19/08/22 13:42:14.08 [:00000008] <TRACE :00000008-1> 701800907243200 resume
19/08/22 13:42:14.08 [:00000008] <TRACE :00000008-1> 701800907246100 call : @test_base/cluster_test/cluster2.lua:18 @./lualib/skynet.lua:253
19/08/22 13:42:14.08 [:00000009] Waiting for cluster node [db3]
19/08/22 13:42:14.08 [:0000000b] <TRACE :00000008-1> 701800907265900 request
19/08/22 13:42:14.08 [:0000000b] <TRACE :00000008-1> 701800907273800 session (LF-010200038823156-db-4):00000008-1
19/08/22 13:42:14.08 [:0000000b] <TRACE (LF-010200038823156-db-4):00000008-1> 701800907274500 cluster db
19/08/22 13:42:14.08 [:0000000b] <TRACE :00000008-1> 701800907296800 sleep : @./lualib/skynet.lua:416 @./lualib/skynet/socketchannel.lua:458 @service/clustersender.lua:33
19/08/22 13:42:14.08 [:0000000b] <TRACE :00000008-1> 701800907629900 resume
19/08/22 13:42:14.08 [:0000000b] <TRACE :00000008-1> 701800907632500 response
19/08/22 13:42:14.08 [:0000000b] <TRACE :00000008-1> 701800907633900 end
19/08/22 13:42:14.08 [:00000008] <TRACE :00000008-1> 701800907649900 resume
19/08/22 13:42:14.08 [:00000008] <TRACE :00000008-1> 701800908079800 sleep : @./lualib/skynet.lua:416 @./lualib/skynet/cluster.lua:51 @./lualib/skynet/cluster.lua:63
19/08/22 13:42:14.08 [:0000000c] LAUNCH snlua clustersender db2 LF-010200038823156 127.0.0.1 2529
19/08/22 13:42:14.08 [:00000008] <TRACE :00000008-1> 701800909194000 resume
19/08/22 13:42:14.08 [:00000008] <TRACE :00000008-1> 701800909206500 call : @test_base/cluster_test/cluster2.lua:19 @./lualib/skynet.lua:253
19/08/22 13:42:14.08 [:0000000c] <TRACE :00000008-1> 701800909230400 request
19/08/22 13:42:14.08 [:0000000c] <TRACE :00000008-1> 701800909238800 session (LF-010200038823156-db2-2):00000008-1
19/08/22 13:42:14.08 [:0000000c] <TRACE (LF-010200038823156-db2-2):00000008-1> 701800909239800 cluster db2
19/08/22 13:42:14.08 [:0000000c] <TRACE :00000008-1> 701800909264300 sleep : @./lualib/skynet.lua:416 @./lualib/skynet/socketchannel.lua:458 @service/clustersender.lua:33
19/08/22 13:42:14.09 [:0000000c] <TRACE :00000008-1> 701800910318800 resume
19/08/22 13:42:14.09 [:0000000c] <TRACE :00000008-1> 701800910328000 response
19/08/22 13:42:14.09 [:0000000c] <TRACE :00000008-1> 701800910329200 end
19/08/22 13:42:14.09 [:00000008] <TRACE :00000008-1> 701800910379600 resume
19/08/22 13:42:14.09 [:00000008] <TRACE :00000008-1> 701800910872300 end
19/08/22 13:42:17.08 [:00000009] Cluster node [db3] resloved : 127.0.0.1:2529
19/08/22 13:42:17.08 [:0000000d] LAUNCH snlua clustersender db3 LF-010200038823156 127.0.0.1 2529
19/08/22 13:42:17.08 [:0000000b] Close cluster sender 127.0.0.1:2528
19/08/22 13:42:17.08 [:0000000b] ./lualib/skynet/socketchannel.lua:487: assertion failed!
