22/07/22 15:26:54.29 [:00000002] LAUNCH snlua bootstrap
22/07/22 15:26:54.29 [:00000003] LAUNCH snlua launcher
22/07/22 15:26:54.29 [:00000004] LAUNCH snlua cdummy
22/07/22 15:26:54.30 [:00000005] LAUNCH harbor 0 4
22/07/22 15:26:54.30 [:00000006] LAUNCH snlua datacenterd
22/07/22 15:26:54.30 [:00000007] LAUNCH snlua service_mgr
22/07/22 15:26:54.30 [:00000008] LAUNCH snlua log_file_mgr
22/07/22 15:26:54.30 [:00000008] KILL self
22/07/22 15:26:54.30 [:00000002] KILL self
22/07/22 15:37:10.29 [:00000002] LAUNCH snlua bootstrap
22/07/22 15:37:10.29 [:00000003] LAUNCH snlua launcher
22/07/22 15:37:10.29 [:00000004] LAUNCH snlua cdummy
22/07/22 15:37:10.29 [:00000005] LAUNCH harbor 0 4
22/07/22 15:37:10.29 [:00000006] LAUNCH snlua datacenterd
22/07/22 15:37:10.29 [:00000007] LAUNCH snlua service_mgr
22/07/22 15:37:10.29 [:00000008] LAUNCH snlua log_file_mgr
22/07/22 15:37:10.30 [:00000008] init service failed: ./test_base/log_file/log_file_mgr.lua:90: cannot open file './test_file/store_file.txt' (No such file or directory)
stack traceback:
	[C]: in function 'io.input'
	./test_base/log_file/log_file_mgr.lua:90: in method 'new_file_check2'
	./test_base/log_file/log_file_mgr.lua:73: in method 'startup'
	./test_base/log_file/log_file_mgr.lua:183: in upvalue 'test'
	./test_base/log_file/log_file_mgr.lua:187: in upvalue 'start'
	./lualib/skynet.lua:936: in function <./lualib/skynet.lua:934>
	[C]: in function 'xpcall'
	./lualib/skynet.lua:938: in function 'skynet.init_service'
	./lualib/skynet.lua:951: in upvalue 'f'
	./lualib/skynet.lua:253: in function <./lualib/skynet.lua:252>
22/07/22 15:37:10.30 [:00000008] KILL self
22/07/22 15:37:10.30 [:00000002] KILL self
22/07/22 15:40:01.38 [:00000002] LAUNCH snlua bootstrap
22/07/22 15:40:01.38 [:00000003] LAUNCH snlua launcher
22/07/22 15:40:01.38 [:00000004] LAUNCH snlua cdummy
22/07/22 15:40:01.38 [:00000005] LAUNCH harbor 0 4
22/07/22 15:40:01.38 [:00000006] LAUNCH snlua datacenterd
22/07/22 15:40:01.38 [:00000007] LAUNCH snlua service_mgr
22/07/22 15:40:01.38 [:00000008] LAUNCH snlua log_file_mgr
22/07/22 15:40:01.39 [:00000008] KILL self
22/07/22 15:40:01.39 [:00000002] KILL self
22/07/22 15:41:32.18 [:00000002] LAUNCH snlua bootstrap
22/07/22 15:41:32.18 [:00000003] LAUNCH snlua launcher
22/07/22 15:41:32.18 [:00000004] LAUNCH snlua cdummy
22/07/22 15:41:32.18 [:00000005] LAUNCH harbor 0 4
22/07/22 15:41:32.18 [:00000006] LAUNCH snlua datacenterd
22/07/22 15:41:32.18 [:00000007] LAUNCH snlua service_mgr
22/07/22 15:41:32.18 [:00000008] LAUNCH snlua log_file_mgr
22/07/22 15:41:32.19 [:00000008] KILL self
22/07/22 15:41:32.19 [:00000002] KILL self
22/07/22 15:41:43.83 [:00000002] LAUNCH snlua bootstrap
22/07/22 15:41:43.83 [:00000003] LAUNCH snlua launcher
22/07/22 15:41:43.83 [:00000004] LAUNCH snlua cdummy
22/07/22 15:41:43.83 [:00000005] LAUNCH harbor 0 4
22/07/22 15:41:43.83 [:00000006] LAUNCH snlua datacenterd
22/07/22 15:41:43.83 [:00000007] LAUNCH snlua service_mgr
22/07/22 15:41:43.83 [:00000008] LAUNCH snlua log_file_mgr
22/07/22 15:41:43.83 [:00000008] init service failed: ./test_base/log_file/log_file_mgr.lua:96: attempt to call a string value (for iterator 'for iterator')
stack traceback:
	./test_base/log_file/log_file_mgr.lua:96: in method 'new_file_check2'
	./test_base/log_file/log_file_mgr.lua:73: in method 'startup'
	./test_base/log_file/log_file_mgr.lua:181: in upvalue 'test'
	./test_base/log_file/log_file_mgr.lua:185: in upvalue 'start'
	./lualib/skynet.lua:936: in function <./lualib/skynet.lua:934>
	[C]: in function 'xpcall'
	./lualib/skynet.lua:938: in function 'skynet.init_service'
	./lualib/skynet.lua:951: in upvalue 'f'
	./lualib/skynet.lua:253: in function <./lualib/skynet.lua:252>
22/07/22 15:41:43.83 [:00000008] KILL self
22/07/22 15:41:43.83 [:00000002] KILL self
22/07/22 15:47:47.88 [:00000002] LAUNCH snlua bootstrap
22/07/22 15:47:47.88 [:00000003] LAUNCH snlua launcher
22/07/22 15:47:47.88 [:00000004] LAUNCH snlua cdummy
22/07/22 15:47:47.88 [:00000005] LAUNCH harbor 0 4
22/07/22 15:47:47.88 [:00000006] LAUNCH snlua datacenterd
22/07/22 15:47:47.88 [:00000007] LAUNCH snlua service_mgr
22/07/22 15:47:47.88 [:00000008] LAUNCH snlua log_file_mgr
22/07/22 15:47:47.88 [:00000008] init service failed: ./test_base/log_file/log_file_mgr.lua:94: attempt to call a string value (for iterator 'for iterator')
stack traceback:
	./test_base/log_file/log_file_mgr.lua:94: in method 'new_file_check'
	./test_base/log_file/log_file_mgr.lua:70: in method 'startup'
	./test_base/log_file/log_file_mgr.lua:148: in upvalue 'test'
	./test_base/log_file/log_file_mgr.lua:152: in upvalue 'start'
	./lualib/skynet.lua:936: in function <./lualib/skynet.lua:934>
	[C]: in function 'xpcall'
	./lualib/skynet.lua:938: in function 'skynet.init_service'
	./lualib/skynet.lua:951: in upvalue 'f'
	./lualib/skynet.lua:253: in function <./lualib/skynet.lua:252>
22/07/22 15:47:47.88 [:00000008] KILL self
22/07/22 15:47:47.88 [:00000002] KILL self
22/07/22 15:50:47.11 [:00000002] LAUNCH snlua bootstrap
22/07/22 15:50:47.11 [:00000003] LAUNCH snlua launcher
22/07/22 15:50:47.11 [:00000004] LAUNCH snlua cdummy
22/07/22 15:50:47.11 [:00000005] LAUNCH harbor 0 4
22/07/22 15:50:47.11 [:00000006] LAUNCH snlua datacenterd
22/07/22 15:50:47.11 [:00000007] LAUNCH snlua service_mgr
22/07/22 15:50:47.11 [:00000008] LAUNCH snlua log_file_mgr
22/07/22 15:50:47.12 [:00000008] init service failed: ./test_base/log_file/log_file_mgr.lua:95: attempt to concatenate a nil value (local 'rest')
stack traceback:
	./test_base/log_file/log_file_mgr.lua:95: in method 'new_file_check'
	./test_base/log_file/log_file_mgr.lua:70: in method 'startup'
	./test_base/log_file/log_file_mgr.lua:150: in upvalue 'test'
	./test_base/log_file/log_file_mgr.lua:154: in upvalue 'start'
	./lualib/skynet.lua:936: in function <./lualib/skynet.lua:934>
	[C]: in function 'xpcall'
	./lualib/skynet.lua:938: in function 'skynet.init_service'
	./lualib/skynet.lua:951: in upvalue 'f'
	./lualib/skynet.lua:253: in function <./lualib/skynet.lua:252>
22/07/22 15:50:47.12 [:00000008] KILL self
22/07/22 15:50:47.12 [:00000002] KILL self
22/07/22 15:54:57.54 [:00000002] LAUNCH snlua bootstrap
22/07/22 15:54:57.54 [:00000003] LAUNCH snlua launcher
22/07/22 15:54:57.54 [:00000004] LAUNCH snlua cdummy
22/07/22 15:54:57.54 [:00000005] LAUNCH harbor 0 4
22/07/22 15:54:57.54 [:00000006] LAUNCH snlua datacenterd
22/07/22 15:54:57.54 [:00000007] LAUNCH snlua service_mgr
22/07/22 15:54:57.54 [:00000008] LAUNCH snlua log_file_mgr
22/07/22 15:54:57.55 [:00000008] init service failed: ./test_base/log_file/log_file_mgr.lua:98: attempt to call a nil value (field 'gfind')
stack traceback:
	./test_base/log_file/log_file_mgr.lua:98: in method 'new_file_check'
	./test_base/log_file/log_file_mgr.lua:70: in method 'startup'
	./test_base/log_file/log_file_mgr.lua:156: in upvalue 'test'
	./test_base/log_file/log_file_mgr.lua:160: in upvalue 'start'
	./lualib/skynet.lua:936: in function <./lualib/skynet.lua:934>
	[C]: in function 'xpcall'
	./lualib/skynet.lua:938: in function 'skynet.init_service'
	./lualib/skynet.lua:951: in upvalue 'f'
	./lualib/skynet.lua:253: in function <./lualib/skynet.lua:252>
22/07/22 15:54:57.55 [:00000008] KILL self
22/07/22 15:54:57.55 [:00000002] KILL self
22/07/22 15:55:07.73 [:00000002] LAUNCH snlua bootstrap
22/07/22 15:55:07.74 [:00000003] LAUNCH snlua launcher
22/07/22 15:55:07.74 [:00000004] LAUNCH snlua cdummy
22/07/22 15:55:07.74 [:00000005] LAUNCH harbor 0 4
22/07/22 15:55:07.74 [:00000006] LAUNCH snlua datacenterd
22/07/22 15:55:07.74 [:00000007] LAUNCH snlua service_mgr
22/07/22 15:55:07.74 [:00000008] LAUNCH snlua log_file_mgr
22/07/22 15:55:07.74 [:00000008] init service failed: ./test_base/log_file/log_file_mgr.lua:98: attempt to call a nil value (field 'gfind')
stack traceback:
	./test_base/log_file/log_file_mgr.lua:98: in method 'new_file_check'
	./test_base/log_file/log_file_mgr.lua:70: in method 'startup'
	./test_base/log_file/log_file_mgr.lua:156: in upvalue 'test'
	./test_base/log_file/log_file_mgr.lua:160: in upvalue 'start'
	./lualib/skynet.lua:936: in function <./lualib/skynet.lua:934>
	[C]: in function 'xpcall'
	./lualib/skynet.lua:938: in function 'skynet.init_service'
	./lualib/skynet.lua:951: in upvalue 'f'
	./lualib/skynet.lua:253: in function <./lualib/skynet.lua:252>
22/07/22 15:55:07.74 [:00000008] KILL self
22/07/22 15:55:07.74 [:00000002] KILL self
22/07/22 15:55:56.26 [:00000002] LAUNCH snlua bootstrap
22/07/22 15:55:56.27 [:00000003] LAUNCH snlua launcher
22/07/22 15:55:56.27 [:00000004] LAUNCH snlua cdummy
22/07/22 15:55:56.27 [:00000005] LAUNCH harbor 0 4
22/07/22 15:55:56.27 [:00000006] LAUNCH snlua datacenterd
22/07/22 15:55:56.27 [:00000007] LAUNCH snlua service_mgr
22/07/22 15:55:56.27 [:00000008] LAUNCH snlua log_file_mgr
22/07/22 15:55:56.27 [:00000008] init service failed: ./test_base/log_file/log_file_mgr.lua:97: attempt to call a nil value (field 'gfind')
stack traceback:
	./test_base/log_file/log_file_mgr.lua:97: in method 'new_file_check'
	./test_base/log_file/log_file_mgr.lua:70: in method 'startup'
	./test_base/log_file/log_file_mgr.lua:155: in upvalue 'test'
	./test_base/log_file/log_file_mgr.lua:159: in upvalue 'start'
	./lualib/skynet.lua:936: in function <./lualib/skynet.lua:934>
	[C]: in function 'xpcall'
	./lualib/skynet.lua:938: in function 'skynet.init_service'
	./lualib/skynet.lua:951: in upvalue 'f'
	./lualib/skynet.lua:253: in function <./lualib/skynet.lua:252>
22/07/22 15:55:56.27 [:00000008] KILL self
22/07/22 15:55:56.27 [:00000002] KILL self
22/07/22 15:56:56.45 [:00000002] LAUNCH snlua bootstrap
22/07/22 15:56:56.45 [:00000003] LAUNCH snlua launcher
22/07/22 15:56:56.45 [:00000004] LAUNCH snlua cdummy
22/07/22 15:56:56.45 [:00000005] LAUNCH harbor 0 4
22/07/22 15:56:56.45 [:00000006] LAUNCH snlua datacenterd
22/07/22 15:56:56.45 [:00000007] LAUNCH snlua service_mgr
22/07/22 15:56:56.46 [:00000008] LAUNCH snlua log_file_mgr
22/07/22 15:56:56.46 [:00000008] init service failed: ./test_base/log_file/log_file_mgr.lua:97: attempt to call a nil value (field 'gfind')
stack traceback:
	./test_base/log_file/log_file_mgr.lua:97: in method 'new_file_check'
	./test_base/log_file/log_file_mgr.lua:70: in method 'startup'
	./test_base/log_file/log_file_mgr.lua:155: in upvalue 'test'
	./test_base/log_file/log_file_mgr.lua:159: in upvalue 'start'
	./lualib/skynet.lua:936: in function <./lualib/skynet.lua:934>
	[C]: in function 'xpcall'
	./lualib/skynet.lua:938: in function 'skynet.init_service'
	./lualib/skynet.lua:951: in upvalue 'f'
	./lualib/skynet.lua:253: in function <./lualib/skynet.lua:252>
22/07/22 15:56:56.46 [:00000008] KILL self
22/07/22 15:56:56.46 [:00000002] KILL self
22/07/22 15:58:58.79 [:00000002] LAUNCH snlua bootstrap
22/07/22 15:58:58.79 [:00000003] LAUNCH snlua launcher
22/07/22 15:58:58.79 [:00000004] LAUNCH snlua cdummy
22/07/22 15:58:58.79 [:00000005] LAUNCH harbor 0 4
22/07/22 15:58:58.79 [:00000006] LAUNCH snlua datacenterd
22/07/22 15:58:58.79 [:00000007] LAUNCH snlua service_mgr
22/07/22 15:58:58.80 [:00000008] LAUNCH snlua log_file_mgr
22/07/22 15:58:58.80 [:00000008] init service failed: ./test_base/log_file/log_file_mgr.lua:97: attempt to call a nil value (field 'gfind')
stack traceback:
	./test_base/log_file/log_file_mgr.lua:97: in method 'new_file_check'
	./test_base/log_file/log_file_mgr.lua:70: in method 'startup'
	./test_base/log_file/log_file_mgr.lua:155: in upvalue 'test'
	./test_base/log_file/log_file_mgr.lua:159: in upvalue 'start'
	./lualib/skynet.lua:936: in function <./lualib/skynet.lua:934>
	[C]: in function 'xpcall'
	./lualib/skynet.lua:938: in function 'skynet.init_service'
	./lualib/skynet.lua:951: in upvalue 'f'
	./lualib/skynet.lua:253: in function <./lualib/skynet.lua:252>
22/07/22 15:58:58.80 [:00000008] KILL self
22/07/22 15:58:58.80 [:00000002] KILL self
22/07/22 15:59:20.82 [:00000002] LAUNCH snlua bootstrap
22/07/22 15:59:20.83 [:00000003] LAUNCH snlua launcher
22/07/22 15:59:20.83 [:00000004] LAUNCH snlua cdummy
22/07/22 15:59:20.83 [:00000005] LAUNCH harbor 0 4
22/07/22 15:59:20.83 [:00000006] LAUNCH snlua datacenterd
22/07/22 15:59:20.83 [:00000007] LAUNCH snlua service_mgr
22/07/22 15:59:20.83 [:00000008] LAUNCH snlua log_file_mgr
22/07/22 15:59:20.83 [:00000008] init service failed: ./test_base/log_file/log_file_mgr.lua:97: attempt to call a nil value (field 'gfind')
stack traceback:
	./test_base/log_file/log_file_mgr.lua:97: in method 'new_file_check'
	./test_base/log_file/log_file_mgr.lua:70: in method 'startup'
	./test_base/log_file/log_file_mgr.lua:155: in upvalue 'test'
	./test_base/log_file/log_file_mgr.lua:159: in upvalue 'start'
	./lualib/skynet.lua:936: in function <./lualib/skynet.lua:934>
	[C]: in function 'xpcall'
	./lualib/skynet.lua:938: in function 'skynet.init_service'
	./lualib/skynet.lua:951: in upvalue 'f'
	./lualib/skynet.lua:253: in function <./lualib/skynet.lua:252>
22/07/22 15:59:20.83 [:00000008] KILL self
22/07/22 15:59:20.83 [:00000002] KILL self
22/07/22 16:00:00.86 [:00000002] LAUNCH snlua bootstrap
22/07/22 16:00:00.86 [:00000003] LAUNCH snlua launcher
22/07/22 16:00:00.86 [:00000004] LAUNCH snlua cdummy
22/07/22 16:00:00.86 [:00000005] LAUNCH harbor 0 4
22/07/22 16:00:00.86 [:00000006] LAUNCH snlua datacenterd
22/07/22 16:00:00.86 [:00000007] LAUNCH snlua service_mgr
22/07/22 16:00:00.86 [:00000008] LAUNCH snlua log_file_mgr
22/07/22 16:00:00.86 [:00000008] init service failed: ./test_base/log_file/log_file_mgr.lua:97: attempt to call a nil value (field 'gfind')
stack traceback:
	./test_base/log_file/log_file_mgr.lua:97: in method 'new_file_check'
	./test_base/log_file/log_file_mgr.lua:70: in method 'startup'
	./test_base/log_file/log_file_mgr.lua:155: in upvalue 'test'
	./test_base/log_file/log_file_mgr.lua:159: in upvalue 'start'
	./lualib/skynet.lua:936: in function <./lualib/skynet.lua:934>
	[C]: in function 'xpcall'
	./lualib/skynet.lua:938: in function 'skynet.init_service'
	./lualib/skynet.lua:951: in upvalue 'f'
	./lualib/skynet.lua:253: in function <./lualib/skynet.lua:252>
22/07/22 16:00:00.86 [:00000008] KILL self
22/07/22 16:00:00.86 [:00000002] KILL self
22/07/22 16:00:34.01 [:00000002] LAUNCH snlua bootstrap
22/07/22 16:00:34.01 [:00000003] LAUNCH snlua launcher
22/07/22 16:00:34.01 [:00000004] LAUNCH snlua cdummy
22/07/22 16:00:34.01 [:00000005] LAUNCH harbor 0 4
22/07/22 16:00:34.01 [:00000006] LAUNCH snlua datacenterd
22/07/22 16:00:34.01 [:00000007] LAUNCH snlua service_mgr
22/07/22 16:00:34.01 [:00000008] LAUNCH snlua log_file_mgr
22/07/22 16:00:34.01 [:00000008] init service failed: ./test_base/log_file/log_file_mgr.lua:97: attempt to call a nil value (field 'gfind')
stack traceback:
	./test_base/log_file/log_file_mgr.lua:97: in method 'new_file_check'
	./test_base/log_file/log_file_mgr.lua:70: in method 'startup'
	./test_base/log_file/log_file_mgr.lua:155: in upvalue 'test'
	./test_base/log_file/log_file_mgr.lua:159: in upvalue 'start'
	./lualib/skynet.lua:936: in function <./lualib/skynet.lua:934>
	[C]: in function 'xpcall'
	./lualib/skynet.lua:938: in function 'skynet.init_service'
	./lualib/skynet.lua:951: in upvalue 'f'
	./lualib/skynet.lua:253: in function <./lualib/skynet.lua:252>
22/07/22 16:00:34.01 [:00000008] KILL self
22/07/22 16:00:34.01 [:00000002] KILL self
22/07/22 16:01:59.16 [:00000002] LAUNCH snlua bootstrap
22/07/22 16:01:59.17 [:00000003] LAUNCH snlua launcher
22/07/22 16:01:59.17 [:00000004] LAUNCH snlua cdummy
22/07/22 16:01:59.17 [:00000005] LAUNCH harbor 0 4
22/07/22 16:01:59.17 [:00000006] LAUNCH snlua datacenterd
22/07/22 16:01:59.17 [:00000007] LAUNCH snlua service_mgr
22/07/22 16:01:59.17 [:00000008] LAUNCH snlua log_file_mgr
22/07/22 16:01:59.17 [:00000008] init service failed: ./test_base/log_file/log_file_mgr.lua:97: attempt to call a nil value (field 'gfind')
stack traceback:
	./test_base/log_file/log_file_mgr.lua:97: in method 'new_file_check'
	./test_base/log_file/log_file_mgr.lua:70: in method 'startup'
	./test_base/log_file/log_file_mgr.lua:155: in upvalue 'test'
	./test_base/log_file/log_file_mgr.lua:159: in upvalue 'start'
	./lualib/skynet.lua:936: in function <./lualib/skynet.lua:934>
	[C]: in function 'xpcall'
	./lualib/skynet.lua:938: in function 'skynet.init_service'
	./lualib/skynet.lua:951: in upvalue 'f'
	./lualib/skynet.lua:253: in function <./lualib/skynet.lua:252>
22/07/22 16:01:59.17 [:00000008] KILL self
22/07/22 16:01:59.17 [:00000002] KILL self
22/07/22 16:04:38.53 [:00000002] LAUNCH snlua bootstrap
22/07/22 16:04:38.53 [:00000003] LAUNCH snlua launcher
22/07/22 16:04:38.53 [:00000004] LAUNCH snlua cdummy
22/07/22 16:04:38.53 [:00000005] LAUNCH harbor 0 4
22/07/22 16:04:38.53 [:00000006] LAUNCH snlua datacenterd
22/07/22 16:04:38.53 [:00000007] LAUNCH snlua service_mgr
22/07/22 16:04:38.53 [:00000008] LAUNCH snlua log_file_mgr
22/07/22 16:04:38.54 [:00000008] init service failed: ./test_base/log_file/log_file_mgr.lua:97: attempt to call a nil value (field 'gfind')
stack traceback:
	./test_base/log_file/log_file_mgr.lua:97: in method 'new_file_check'
	./test_base/log_file/log_file_mgr.lua:70: in method 'startup'
	./test_base/log_file/log_file_mgr.lua:155: in upvalue 'test'
	./test_base/log_file/log_file_mgr.lua:159: in upvalue 'start'
	./lualib/skynet.lua:936: in function <./lualib/skynet.lua:934>
	[C]: in function 'xpcall'
	./lualib/skynet.lua:938: in function 'skynet.init_service'
	./lualib/skynet.lua:951: in upvalue 'f'
	./lualib/skynet.lua:253: in function <./lualib/skynet.lua:252>
22/07/22 16:04:38.54 [:00000008] KILL self
22/07/22 16:04:38.54 [:00000002] KILL self
22/07/22 16:04:55.65 [:00000002] LAUNCH snlua bootstrap
22/07/22 16:04:55.65 [:00000003] LAUNCH snlua launcher
22/07/22 16:04:55.65 [:00000004] LAUNCH snlua cdummy
22/07/22 16:04:55.65 [:00000005] LAUNCH harbor 0 4
22/07/22 16:04:55.65 [:00000006] LAUNCH snlua datacenterd
22/07/22 16:04:55.65 [:00000007] LAUNCH snlua service_mgr
22/07/22 16:04:55.65 [:00000008] LAUNCH snlua log_file_mgr
22/07/22 16:04:55.65 [:00000008] init service failed: ./test_base/log_file/log_file_mgr.lua:97: attempt to call a nil value (field 'gfind')
stack traceback:
	./test_base/log_file/log_file_mgr.lua:97: in method 'new_file_check'
	./test_base/log_file/log_file_mgr.lua:70: in method 'startup'
	./test_base/log_file/log_file_mgr.lua:155: in upvalue 'test'
	./test_base/log_file/log_file_mgr.lua:159: in upvalue 'start'
	./lualib/skynet.lua:936: in function <./lualib/skynet.lua:934>
	[C]: in function 'xpcall'
	./lualib/skynet.lua:938: in function 'skynet.init_service'
	./lualib/skynet.lua:951: in upvalue 'f'
	./lualib/skynet.lua:253: in function <./lualib/skynet.lua:252>
22/07/22 16:04:55.65 [:00000008] KILL self
22/07/22 16:04:55.65 [:00000002] KILL self
22/07/22 16:09:53.30 [:00000002] LAUNCH snlua bootstrap
22/07/22 16:09:53.30 [:00000003] LAUNCH snlua launcher
22/07/22 16:09:53.30 [:00000004] LAUNCH snlua cdummy
22/07/22 16:09:53.30 [:00000005] LAUNCH harbor 0 4
22/07/22 16:09:53.30 [:00000006] LAUNCH snlua datacenterd
22/07/22 16:09:53.30 [:00000007] LAUNCH snlua service_mgr
22/07/22 16:09:53.30 [:00000008] LAUNCH snlua log_file_mgr
22/07/22 16:09:53.31 [:00000008] init service failed: ./test_base/log_file/log_file_mgr.lua:97: attempt to call a nil value (field 'gfind')
stack traceback:
	./test_base/log_file/log_file_mgr.lua:97: in method 'new_file_check'
	./test_base/log_file/log_file_mgr.lua:70: in method 'startup'
	./test_base/log_file/log_file_mgr.lua:155: in upvalue 'test'
	./test_base/log_file/log_file_mgr.lua:159: in upvalue 'start'
	./lualib/skynet.lua:936: in function <./lualib/skynet.lua:934>
	[C]: in function 'xpcall'
	./lualib/skynet.lua:938: in function 'skynet.init_service'
	./lualib/skynet.lua:951: in upvalue 'f'
	./lualib/skynet.lua:253: in function <./lualib/skynet.lua:252>
22/07/22 16:09:53.31 [:00000008] KILL self
22/07/22 16:09:53.31 [:00000002] KILL self
22/07/22 16:10:40.71 [:00000002] LAUNCH snlua bootstrap
22/07/22 16:10:40.71 [:00000003] LAUNCH snlua launcher
22/07/22 16:10:40.71 [:00000004] LAUNCH snlua cdummy
22/07/22 16:10:40.72 [:00000005] LAUNCH harbor 0 4
22/07/22 16:10:40.72 [:00000006] LAUNCH snlua datacenterd
22/07/22 16:10:40.72 [:00000007] LAUNCH snlua service_mgr
22/07/22 16:10:40.72 [:00000008] LAUNCH snlua log_file_mgr
22/07/22 16:10:40.72 [:00000008] init service failed: ./test_base/log_file/log_file_mgr.lua:97: attempt to call a nil value (field 'gfind')
stack traceback:
	./test_base/log_file/log_file_mgr.lua:97: in method 'new_file_check'
	./test_base/log_file/log_file_mgr.lua:70: in method 'startup'
	./test_base/log_file/log_file_mgr.lua:155: in upvalue 'test'
	./test_base/log_file/log_file_mgr.lua:159: in upvalue 'start'
	./lualib/skynet.lua:936: in function <./lualib/skynet.lua:934>
	[C]: in function 'xpcall'
	./lualib/skynet.lua:938: in function 'skynet.init_service'
	./lualib/skynet.lua:951: in upvalue 'f'
	./lualib/skynet.lua:253: in function <./lualib/skynet.lua:252>
22/07/22 16:10:40.72 [:00000008] KILL self
22/07/22 16:10:40.72 [:00000002] KILL self
22/07/22 16:11:48.50 [:00000002] LAUNCH snlua bootstrap
22/07/22 16:11:48.51 [:00000003] LAUNCH snlua launcher
22/07/22 16:11:48.51 [:00000004] LAUNCH snlua cdummy
22/07/22 16:11:48.51 [:00000005] LAUNCH harbor 0 4
22/07/22 16:11:48.51 [:00000006] LAUNCH snlua datacenterd
22/07/22 16:11:48.51 [:00000007] LAUNCH snlua service_mgr
22/07/22 16:11:48.51 [:00000008] LAUNCH snlua log_file_mgr
22/07/22 16:11:48.51 [:00000008] init service failed: ./test_base/log_file/log_file_mgr.lua:97: attempt to call a nil value (field 'gfind')
stack traceback:
	./test_base/log_file/log_file_mgr.lua:97: in method 'new_file_check'
	./test_base/log_file/log_file_mgr.lua:70: in method 'startup'
	./test_base/log_file/log_file_mgr.lua:155: in upvalue 'test'
	./test_base/log_file/log_file_mgr.lua:159: in upvalue 'start'
	./lualib/skynet.lua:936: in function <./lualib/skynet.lua:934>
	[C]: in function 'xpcall'
	./lualib/skynet.lua:938: in function 'skynet.init_service'
	./lualib/skynet.lua:951: in upvalue 'f'
	./lualib/skynet.lua:253: in function <./lualib/skynet.lua:252>
22/07/22 16:11:48.51 [:00000008] KILL self
22/07/22 16:11:48.51 [:00000002] KILL self
22/07/22 16:15:57.37 [:00000002] LAUNCH snlua bootstrap
22/07/22 16:15:57.37 [:00000003] LAUNCH snlua launcher
22/07/22 16:15:57.37 [:00000004] LAUNCH snlua cdummy
22/07/22 16:15:57.37 [:00000005] LAUNCH harbor 0 4
22/07/22 16:15:57.37 [:00000006] LAUNCH snlua datacenterd
22/07/22 16:15:57.37 [:00000007] LAUNCH snlua service_mgr
22/07/22 16:15:57.37 [:00000008] LAUNCH snlua log_file_mgr
22/07/22 16:15:57.38 [:00000008] init service failed: ./test_base/log_file/log_file_mgr.lua:97: attempt to call a nil value (field 'gfind')
stack traceback:
	./test_base/log_file/log_file_mgr.lua:97: in method 'new_file_check'
	./test_base/log_file/log_file_mgr.lua:70: in method 'startup'
	./test_base/log_file/log_file_mgr.lua:155: in upvalue 'test'
	./test_base/log_file/log_file_mgr.lua:159: in upvalue 'start'
	./lualib/skynet.lua:936: in function <./lualib/skynet.lua:934>
	[C]: in function 'xpcall'
	./lualib/skynet.lua:938: in function 'skynet.init_service'
	./lualib/skynet.lua:951: in upvalue 'f'
	./lualib/skynet.lua:253: in function <./lualib/skynet.lua:252>
22/07/22 16:15:57.38 [:00000008] KILL self
22/07/22 16:15:57.38 [:00000002] KILL self
22/07/22 16:16:21.29 [:00000002] LAUNCH snlua bootstrap
22/07/22 16:16:21.29 [:00000003] LAUNCH snlua launcher
22/07/22 16:16:21.29 [:00000004] LAUNCH snlua cdummy
22/07/22 16:16:21.30 [:00000005] LAUNCH harbor 0 4
22/07/22 16:16:21.30 [:00000006] LAUNCH snlua datacenterd
22/07/22 16:16:21.30 [:00000007] LAUNCH snlua service_mgr
22/07/22 16:16:21.30 [:00000008] LAUNCH snlua log_file_mgr
22/07/22 16:16:21.30 [:00000008] init service failed: ./test_base/log_file/log_file_mgr.lua:97: attempt to call a nil value (field 'gfind')
stack traceback:
	./test_base/log_file/log_file_mgr.lua:97: in method 'new_file_check'
	./test_base/log_file/log_file_mgr.lua:70: in method 'startup'
	./test_base/log_file/log_file_mgr.lua:156: in upvalue 'test'
	./test_base/log_file/log_file_mgr.lua:160: in upvalue 'start'
	./lualib/skynet.lua:936: in function <./lualib/skynet.lua:934>
	[C]: in function 'xpcall'
	./lualib/skynet.lua:938: in function 'skynet.init_service'
	./lualib/skynet.lua:951: in upvalue 'f'
	./lualib/skynet.lua:253: in function <./lualib/skynet.lua:252>
22/07/22 16:16:21.30 [:00000008] KILL self
22/07/22 16:16:21.30 [:00000002] KILL self
22/07/22 16:18:43.69 [:00000002] LAUNCH snlua bootstrap
22/07/22 16:18:43.69 [:00000003] LAUNCH snlua launcher
22/07/22 16:18:43.69 [:00000004] LAUNCH snlua cdummy
22/07/22 16:18:43.70 [:00000005] LAUNCH harbor 0 4
22/07/22 16:18:43.70 [:00000006] LAUNCH snlua datacenterd
22/07/22 16:18:43.70 [:00000007] LAUNCH snlua service_mgr
22/07/22 16:18:43.70 [:00000008] LAUNCH snlua log_file_mgr
22/07/22 16:18:43.70 [:00000008] init service failed: ./test_base/log_file/log_file_mgr.lua:97: attempt to call a nil value (field 'gfind')
stack traceback:
	./test_base/log_file/log_file_mgr.lua:97: in method 'new_file_check'
	./test_base/log_file/log_file_mgr.lua:70: in method 'startup'
	./test_base/log_file/log_file_mgr.lua:156: in upvalue 'test'
	./test_base/log_file/log_file_mgr.lua:160: in upvalue 'start'
	./lualib/skynet.lua:936: in function <./lualib/skynet.lua:934>
	[C]: in function 'xpcall'
	./lualib/skynet.lua:938: in function 'skynet.init_service'
	./lualib/skynet.lua:951: in upvalue 'f'
	./lualib/skynet.lua:253: in function <./lualib/skynet.lua:252>
22/07/22 16:18:43.70 [:00000008] KILL self
22/07/22 16:18:43.70 [:00000002] KILL self
22/07/22 16:19:58.45 [:00000002] LAUNCH snlua bootstrap
22/07/22 16:19:58.45 [:00000003] LAUNCH snlua launcher
22/07/22 16:19:58.45 [:00000004] LAUNCH snlua cdummy
22/07/22 16:19:58.45 [:00000005] LAUNCH harbor 0 4
22/07/22 16:19:58.45 [:00000006] LAUNCH snlua datacenterd
22/07/22 16:19:58.45 [:00000007] LAUNCH snlua service_mgr
22/07/22 16:19:58.45 [:00000008] LAUNCH snlua log_file_mgr
22/07/22 16:19:58.46 [:00000008] init service failed: ./test_base/log_file/log_file_mgr.lua:102: attempt to call a string value (for iterator 'for iterator')
stack traceback:
	./test_base/log_file/log_file_mgr.lua:102: in method 'new_file_check'
	./test_base/log_file/log_file_mgr.lua:70: in method 'startup'
	./test_base/log_file/log_file_mgr.lua:156: in upvalue 'test'
	./test_base/log_file/log_file_mgr.lua:160: in upvalue 'start'
	./lualib/skynet.lua:936: in function <./lualib/skynet.lua:934>
	[C]: in function 'xpcall'
	./lualib/skynet.lua:938: in function 'skynet.init_service'
	./lualib/skynet.lua:951: in upvalue 'f'
	./lualib/skynet.lua:253: in function <./lualib/skynet.lua:252>
22/07/22 16:19:58.46 [:00000008] KILL self
22/07/22 16:19:58.46 [:00000002] KILL self
22/07/22 16:20:10.01 [:00000002] LAUNCH snlua bootstrap
22/07/22 16:20:10.01 [:00000003] LAUNCH snlua launcher
22/07/22 16:20:10.01 [:00000004] LAUNCH snlua cdummy
22/07/22 16:20:10.02 [:00000005] LAUNCH harbor 0 4
22/07/22 16:20:10.02 [:00000006] LAUNCH snlua datacenterd
22/07/22 16:20:10.02 [:00000007] LAUNCH snlua service_mgr
22/07/22 16:20:10.02 [:00000008] LAUNCH snlua log_file_mgr
22/07/22 16:20:10.02 [:00000008] init service failed: ./test_base/log_file/log_file_mgr.lua:102: attempt to call a string value (for iterator 'for iterator')
stack traceback:
	./test_base/log_file/log_file_mgr.lua:102: in method 'new_file_check'
	./test_base/log_file/log_file_mgr.lua:70: in method 'startup'
	./test_base/log_file/log_file_mgr.lua:156: in upvalue 'test'
	./test_base/log_file/log_file_mgr.lua:160: in upvalue 'start'
	./lualib/skynet.lua:936: in function <./lualib/skynet.lua:934>
	[C]: in function 'xpcall'
	./lualib/skynet.lua:938: in function 'skynet.init_service'
	./lualib/skynet.lua:951: in upvalue 'f'
	./lualib/skynet.lua:253: in function <./lualib/skynet.lua:252>
22/07/22 16:20:10.02 [:00000008] KILL self
22/07/22 16:20:10.02 [:00000002] KILL self
22/07/22 16:23:42.31 [:00000002] LAUNCH snlua bootstrap
22/07/22 16:23:42.31 [:00000003] LAUNCH snlua launcher
22/07/22 16:23:42.31 [:00000004] LAUNCH snlua cdummy
22/07/22 16:23:42.31 [:00000005] LAUNCH harbor 0 4
22/07/22 16:23:42.31 [:00000006] LAUNCH snlua datacenterd
22/07/22 16:23:42.31 [:00000007] LAUNCH snlua service_mgr
22/07/22 16:23:42.32 [:00000008] LAUNCH snlua log_file_mgr
22/07/22 16:23:42.32 [:00000008] init service failed: ./test_base/log_file/log_file_mgr.lua:129: Bad file descriptor
stack traceback:
	[C]: in for iterator 'for iterator'
	./test_base/log_file/log_file_mgr.lua:129: in method 'save'
	./test_base/log_file/log_file_mgr.lua:49: in method 'save'
	./test_base/log_file/log_file_mgr.lua:35: in method 'startup'
	./test_base/log_file/log_file_mgr.lua:83: in method 'log_sender_start'
	./test_base/log_file/log_file_mgr.lua:72: in method 'startup'
	./test_base/log_file/log_file_mgr.lua:150: in upvalue 'test'
	./test_base/log_file/log_file_mgr.lua:154: in upvalue 'start'
	./lualib/skynet.lua:936: in function <./lualib/skynet.lua:934>
	[C]: in function 'xpcall'
	./lualib/skynet.lua:938: in function 'skynet.init_service'
	./lualib/skynet.lua:951: in upvalue 'f'
	./lualib/skynet.lua:253: in function <./lualib/skynet.lua:252>
22/07/22 16:23:42.32 [:00000008] KILL self
22/07/22 16:23:42.32 [:00000002] KILL self
22/07/22 16:25:58.66 [:00000002] LAUNCH snlua bootstrap
22/07/22 16:25:58.66 [:00000003] LAUNCH snlua launcher
22/07/22 16:25:58.66 [:00000004] LAUNCH snlua cdummy
22/07/22 16:25:58.66 [:00000005] LAUNCH harbor 0 4
22/07/22 16:25:58.66 [:00000006] LAUNCH snlua datacenterd
22/07/22 16:25:58.66 [:00000007] LAUNCH snlua service_mgr
22/07/22 16:25:58.67 [:00000008] LAUNCH snlua log_file_mgr
22/07/22 16:25:58.67 [:00000008] init service failed: ./test_base/log_file/log_file_mgr.lua:128: Bad file descriptor
stack traceback:
	[C]: in for iterator 'for iterator'
	./test_base/log_file/log_file_mgr.lua:128: in method 'save'
	./test_base/log_file/log_file_mgr.lua:49: in method 'save'
	./test_base/log_file/log_file_mgr.lua:35: in method 'startup'
	./test_base/log_file/log_file_mgr.lua:83: in method 'log_sender_start'
	./test_base/log_file/log_file_mgr.lua:72: in method 'startup'
	./test_base/log_file/log_file_mgr.lua:149: in upvalue 'test'
	./test_base/log_file/log_file_mgr.lua:153: in upvalue 'start'
	./lualib/skynet.lua:936: in function <./lualib/skynet.lua:934>
	[C]: in function 'xpcall'
	./lualib/skynet.lua:938: in function 'skynet.init_service'
	./lualib/skynet.lua:951: in upvalue 'f'
	./lualib/skynet.lua:253: in function <./lualib/skynet.lua:252>
22/07/22 16:25:58.67 [:00000008] KILL self
22/07/22 16:25:58.67 [:00000002] KILL self
22/07/22 16:26:22.68 [:00000002] LAUNCH snlua bootstrap
22/07/22 16:26:22.68 [:00000003] LAUNCH snlua launcher
22/07/22 16:26:22.68 [:00000004] LAUNCH snlua cdummy
22/07/22 16:26:22.68 [:00000005] LAUNCH harbor 0 4
22/07/22 16:26:22.68 [:00000006] LAUNCH snlua datacenterd
22/07/22 16:26:22.68 [:00000007] LAUNCH snlua service_mgr
22/07/22 16:26:22.68 [:00000008] LAUNCH snlua log_file_mgr
22/07/22 16:26:22.74 [:00000008] KILL self
22/07/22 16:26:22.93 [:00000002] KILL self
22/07/22 16:26:46.39 [:00000002] LAUNCH snlua bootstrap
22/07/22 16:26:46.39 [:00000003] LAUNCH snlua launcher
22/07/22 16:26:46.39 [:00000004] LAUNCH snlua cdummy
22/07/22 16:26:46.39 [:00000005] LAUNCH harbor 0 4
22/07/22 16:26:46.39 [:00000006] LAUNCH snlua datacenterd
22/07/22 16:26:46.40 [:00000007] LAUNCH snlua service_mgr
22/07/22 16:26:46.40 [:00000008] LAUNCH snlua log_file_mgr
22/07/22 16:26:46.41 [:00000008] KILL self
22/07/22 16:26:46.41 [:00000002] KILL self
22/07/22 16:35:04.80 [:00000002] LAUNCH snlua bootstrap
22/07/22 16:35:04.80 [:00000003] LAUNCH snlua launcher
22/07/22 16:35:04.80 [:00000004] LAUNCH snlua cdummy
22/07/22 16:35:04.80 [:00000005] LAUNCH harbor 0 4
22/07/22 16:35:04.80 [:00000006] LAUNCH snlua datacenterd
22/07/22 16:35:04.80 [:00000007] LAUNCH snlua service_mgr
22/07/22 16:35:04.80 [:00000008] LAUNCH snlua log_file_mgr
22/07/22 16:35:04.81 [:00000008] KILL self
22/07/22 16:35:04.81 [:00000002] KILL self
22/07/22 16:36:22.53 [:00000002] LAUNCH snlua bootstrap
22/07/22 16:36:22.54 [:00000003] LAUNCH snlua launcher
22/07/22 16:36:22.54 [:00000004] LAUNCH snlua cdummy
22/07/22 16:36:22.54 [:00000005] LAUNCH harbor 0 4
22/07/22 16:36:22.54 [:00000006] LAUNCH snlua datacenterd
22/07/22 16:36:22.54 [:00000007] LAUNCH snlua service_mgr
22/07/22 16:36:22.54 [:00000008] LAUNCH snlua log_file_mgr
22/07/22 16:36:22.55 [:00000008] KILL self
22/07/22 16:36:22.55 [:00000002] KILL self
22/07/22 16:37:04.80 [:00000002] LAUNCH snlua bootstrap
22/07/22 16:37:04.80 [:00000003] LAUNCH snlua launcher
22/07/22 16:37:04.80 [:00000004] LAUNCH snlua cdummy
22/07/22 16:37:04.80 [:00000005] LAUNCH harbor 0 4
22/07/22 16:37:04.80 [:00000006] LAUNCH snlua datacenterd
22/07/22 16:37:04.80 [:00000007] LAUNCH snlua service_mgr
22/07/22 16:37:04.80 [:00000008] LAUNCH snlua log_file_mgr
22/07/22 16:37:04.81 [:00000008] KILL self
22/07/22 16:37:04.81 [:00000002] KILL self
22/07/22 16:38:23.41 [:00000002] LAUNCH snlua bootstrap
22/07/22 16:38:23.41 [:00000003] LAUNCH snlua launcher
22/07/22 16:38:23.41 [:00000004] LAUNCH snlua cdummy
22/07/22 16:38:23.42 [:00000005] LAUNCH harbor 0 4
22/07/22 16:38:23.42 [:00000006] LAUNCH snlua datacenterd
22/07/22 16:38:23.42 [:00000007] LAUNCH snlua service_mgr
22/07/22 16:38:23.42 [:00000008] LAUNCH snlua log_file_mgr
22/07/22 16:38:23.43 [:00000008] KILL self
22/07/22 16:38:23.43 [:00000002] KILL self
22/07/22 16:42:48.12 [:00000002] LAUNCH snlua bootstrap
22/07/22 16:42:48.13 [:00000003] LAUNCH snlua launcher
22/07/22 16:42:48.13 [:00000004] LAUNCH snlua cdummy
22/07/22 16:42:48.13 [:00000005] LAUNCH harbor 0 4
22/07/22 16:42:48.13 [:00000006] LAUNCH snlua datacenterd
22/07/22 16:42:48.13 [:00000007] LAUNCH snlua service_mgr
22/07/22 16:42:48.13 [:00000008] LAUNCH snlua log_file_mgr
22/07/22 16:42:48.14 [:00000008] KILL self
22/07/22 16:42:48.14 [:00000002] KILL self
22/07/22 16:43:24.22 [:00000002] LAUNCH snlua bootstrap
22/07/22 16:43:24.22 [:00000003] LAUNCH snlua launcher
22/07/22 16:43:24.22 [:00000004] LAUNCH snlua cdummy
22/07/22 16:43:24.22 [:00000005] LAUNCH harbor 0 4
22/07/22 16:43:24.22 [:00000006] LAUNCH snlua datacenterd
22/07/22 16:43:24.22 [:00000007] LAUNCH snlua service_mgr
22/07/22 16:43:24.23 [:00000008] LAUNCH snlua log_file_mgr
22/07/22 16:43:24.25 [:00000008] KILL self
22/07/22 16:43:24.25 [:00000002] KILL self
22/07/22 16:45:09.92 [:00000002] LAUNCH snlua bootstrap
22/07/22 16:45:09.92 [:00000003] LAUNCH snlua launcher
22/07/22 16:45:09.92 [:00000004] LAUNCH snlua cdummy
22/07/22 16:45:09.92 [:00000005] LAUNCH harbor 0 4
22/07/22 16:45:09.92 [:00000006] LAUNCH snlua datacenterd
22/07/22 16:45:09.92 [:00000007] LAUNCH snlua service_mgr
22/07/22 16:45:09.92 [:00000008] LAUNCH snlua log_file_mgr
22/07/22 16:45:09.95 [:00000008] KILL self
22/07/22 16:45:09.95 [:00000002] KILL self
22/07/22 16:48:02.14 [:00000002] LAUNCH snlua bootstrap
22/07/22 16:48:02.14 [:00000003] LAUNCH snlua launcher
22/07/22 16:48:02.14 [:00000004] LAUNCH snlua cdummy
22/07/22 16:48:02.15 [:00000005] LAUNCH harbor 0 4
22/07/22 16:48:02.15 [:00000006] LAUNCH snlua datacenterd
22/07/22 16:48:02.15 [:00000007] LAUNCH snlua service_mgr
22/07/22 16:48:02.15 [:00000008] LAUNCH snlua log_file_mgr
22/07/22 16:48:02.18 [:00000008] KILL self
22/07/22 16:48:02.18 [:00000002] KILL self
22/07/22 16:49:03.36 [:00000002] LAUNCH snlua bootstrap
22/07/22 16:49:03.36 [:00000003] LAUNCH snlua launcher
22/07/22 16:49:03.36 [:00000004] LAUNCH snlua cdummy
22/07/22 16:49:03.36 [:00000005] LAUNCH harbor 0 4
22/07/22 16:49:03.36 [:00000006] LAUNCH snlua datacenterd
22/07/22 16:49:03.36 [:00000007] LAUNCH snlua service_mgr
22/07/22 16:49:03.37 [:00000008] LAUNCH snlua log_file_mgr
22/07/22 16:49:03.67 [:00000008] KILL self
22/07/22 16:49:03.67 [:00000002] KILL self
22/07/22 16:50:09.90 [:00000002] LAUNCH snlua bootstrap
22/07/22 16:50:09.90 [:00000003] LAUNCH snlua launcher
22/07/22 16:50:09.90 [:00000004] LAUNCH snlua cdummy
22/07/22 16:50:09.91 [:00000005] LAUNCH harbor 0 4
22/07/22 16:50:09.91 [:00000006] LAUNCH snlua datacenterd
22/07/22 16:50:09.91 [:00000007] LAUNCH snlua service_mgr
22/07/22 16:50:09.91 [:00000008] LAUNCH snlua log_file_mgr
22/07/22 16:50:10.22 [:00000008] KILL self
22/07/22 16:50:10.22 [:00000002] KILL self
22/07/22 16:51:08.62 [:00000002] LAUNCH snlua bootstrap
22/07/22 16:51:08.62 [:00000003] LAUNCH snlua launcher
22/07/22 16:51:08.62 [:00000004] LAUNCH snlua cdummy
22/07/22 16:51:08.62 [:00000005] LAUNCH harbor 0 4
22/07/22 16:51:08.62 [:00000006] LAUNCH snlua datacenterd
22/07/22 16:51:08.62 [:00000007] LAUNCH snlua service_mgr
22/07/22 16:51:08.62 [:00000008] LAUNCH snlua log_file_mgr
22/07/22 16:51:08.62 [:00000008] lua loader error : ./lualib/loader.lua:24: cannot open ./service/log_file_mgr.lua: No such file or directory
./test_base/log_file/log_file_mgr.lua:144: <eof> expected near 'end'
stack traceback:
	[C]: in function 'error'
	./lualib/loader.lua:24: in main chunk
22/07/22 16:51:08.62 [:00000008] KILL self
22/07/22 16:51:08.62 [:00000002] KILL self
22/07/22 16:51:28.58 [:00000002] LAUNCH snlua bootstrap
22/07/22 16:51:28.58 [:00000003] LAUNCH snlua launcher
22/07/22 16:51:28.58 [:00000004] LAUNCH snlua cdummy
22/07/22 16:51:28.58 [:00000005] LAUNCH harbor 0 4
22/07/22 16:51:28.58 [:00000006] LAUNCH snlua datacenterd
22/07/22 16:51:28.58 [:00000007] LAUNCH snlua service_mgr
22/07/22 16:51:28.58 [:00000008] LAUNCH snlua log_file_mgr
22/07/22 16:51:28.89 [:00000008] KILL self
22/07/22 16:51:28.89 [:00000002] KILL self
22/07/22 16:53:24.57 [:00000002] LAUNCH snlua bootstrap
22/07/22 16:53:24.57 [:00000003] LAUNCH snlua launcher
22/07/22 16:53:24.57 [:00000004] LAUNCH snlua cdummy
22/07/22 16:53:24.57 [:00000005] LAUNCH harbor 0 4
22/07/22 16:53:24.57 [:00000006] LAUNCH snlua datacenterd
22/07/22 16:53:24.57 [:00000007] LAUNCH snlua service_mgr
22/07/22 16:53:24.57 [:00000008] LAUNCH snlua log_file_mgr
22/07/22 16:53:24.87 [:00000008] KILL self
22/07/22 16:53:24.87 [:00000002] KILL self
22/07/22 16:54:49.43 [:00000002] LAUNCH snlua bootstrap
22/07/22 16:54:49.43 [:00000003] LAUNCH snlua launcher
22/07/22 16:54:49.43 [:00000004] LAUNCH snlua cdummy
22/07/22 16:54:49.43 [:00000005] LAUNCH harbor 0 4
22/07/22 16:54:49.43 [:00000006] LAUNCH snlua datacenterd
22/07/22 16:54:49.43 [:00000007] LAUNCH snlua service_mgr
22/07/22 16:54:49.43 [:00000008] LAUNCH snlua log_file_mgr
22/07/22 16:54:49.73 [:00000008] KILL self
22/07/22 16:54:49.73 [:00000002] KILL self
22/07/22 17:09:05.33 [:00000002] LAUNCH snlua bootstrap
22/07/22 17:09:05.33 [:00000003] LAUNCH snlua launcher
22/07/22 17:09:05.33 [:00000004] LAUNCH snlua cdummy
22/07/22 17:09:05.33 [:00000005] LAUNCH harbor 0 4
22/07/22 17:09:05.33 [:00000006] LAUNCH snlua datacenterd
22/07/22 17:09:05.33 [:00000007] LAUNCH snlua service_mgr
22/07/22 17:09:05.34 [:00000008] LAUNCH snlua log_file_mgr
22/07/22 17:09:05.34 [:00000008] init service failed: ./test_base/log_file/log_file_mgr.lua:56: calling 'len' on bad self (string expected, got table)
stack traceback:
	[C]: in function 'string.len'
	./test_base/log_file/log_file_mgr.lua:56: in method 'store_content'
	./test_base/log_file/log_file_mgr.lua:121: in method 'new_file_check'
	./test_base/log_file/log_file_mgr.lua:77: in method 'startup'
	./test_base/log_file/log_file_mgr.lua:160: in upvalue 'test'
	./test_base/log_file/log_file_mgr.lua:164: in upvalue 'start'
	./lualib/skynet.lua:936: in function <./lualib/skynet.lua:934>
	[C]: in function 'xpcall'
	./lualib/skynet.lua:938: in function 'skynet.init_service'
	./lualib/skynet.lua:951: in upvalue 'f'
	./lualib/skynet.lua:253: in function <./lualib/skynet.lua:252>
22/07/22 17:09:05.34 [:00000008] KILL self
22/07/22 17:09:05.34 [:00000002] KILL self
22/07/22 17:10:30.61 [:00000002] LAUNCH snlua bootstrap
22/07/22 17:10:30.61 [:00000003] LAUNCH snlua launcher
22/07/22 17:10:30.61 [:00000004] LAUNCH snlua cdummy
22/07/22 17:10:30.61 [:00000005] LAUNCH harbor 0 4
22/07/22 17:10:30.61 [:00000006] LAUNCH snlua datacenterd
22/07/22 17:10:30.61 [:00000007] LAUNCH snlua service_mgr
22/07/22 17:10:30.61 [:00000008] LAUNCH snlua log_file_mgr
22/07/22 17:10:30.92 [:00000008] KILL self
22/07/22 17:10:30.92 [:00000002] KILL self
22/07/22 17:12:58.50 [:00000002] LAUNCH snlua bootstrap
22/07/22 17:12:58.50 [:00000003] LAUNCH snlua launcher
22/07/22 17:12:58.50 [:00000004] LAUNCH snlua cdummy
22/07/22 17:12:58.50 [:00000005] LAUNCH harbor 0 4
22/07/22 17:12:58.50 [:00000006] LAUNCH snlua datacenterd
22/07/22 17:12:58.50 [:00000007] LAUNCH snlua service_mgr
22/07/22 17:12:58.50 [:00000008] LAUNCH snlua log_file_mgr
22/07/22 17:12:58.83 [:00000008] KILL self
22/07/22 17:12:58.83 [:00000002] KILL self
22/07/22 17:14:03.62 [:00000002] LAUNCH snlua bootstrap
22/07/22 17:14:03.62 [:00000003] LAUNCH snlua launcher
22/07/22 17:14:03.62 [:00000004] LAUNCH snlua cdummy
22/07/22 17:14:03.63 [:00000005] LAUNCH harbor 0 4
22/07/22 17:14:03.63 [:00000006] LAUNCH snlua datacenterd
22/07/22 17:14:03.63 [:00000007] LAUNCH snlua service_mgr
22/07/22 17:14:03.63 [:00000008] LAUNCH snlua log_file_mgr
22/07/22 17:14:03.96 [:00000008] KILL self
22/07/22 17:14:03.96 [:00000002] KILL self
22/07/22 17:14:22.79 [:00000002] LAUNCH snlua bootstrap
22/07/22 17:14:22.79 [:00000003] LAUNCH snlua launcher
22/07/22 17:14:22.79 [:00000004] LAUNCH snlua cdummy
22/07/22 17:14:22.79 [:00000005] LAUNCH harbor 0 4
22/07/22 17:14:22.79 [:00000006] LAUNCH snlua datacenterd
22/07/22 17:14:22.79 [:00000007] LAUNCH snlua service_mgr
22/07/22 17:14:22.79 [:00000008] LAUNCH snlua log_file_mgr
22/07/22 17:14:22.82 [:00000008] KILL self
22/07/22 17:14:22.82 [:00000002] KILL self
22/07/22 17:17:12.74 [:00000002] LAUNCH snlua bootstrap
22/07/22 17:17:12.75 [:00000003] LAUNCH snlua launcher
22/07/22 17:17:12.75 [:00000004] LAUNCH snlua cdummy
22/07/22 17:17:12.75 [:00000005] LAUNCH harbor 0 4
22/07/22 17:17:12.75 [:00000006] LAUNCH snlua datacenterd
22/07/22 17:17:12.75 [:00000007] LAUNCH snlua service_mgr
22/07/22 17:17:12.75 [:00000008] LAUNCH snlua log_file_mgr
22/07/22 17:17:12.97 [:00000008] KILL self
22/07/22 17:17:12.97 [:00000002] KILL self
22/07/22 17:18:14.23 [:00000002] LAUNCH snlua bootstrap
22/07/22 17:18:14.23 [:00000003] LAUNCH snlua launcher
22/07/22 17:18:14.23 [:00000004] LAUNCH snlua cdummy
22/07/22 17:18:14.23 [:00000005] LAUNCH harbor 0 4
22/07/22 17:18:14.23 [:00000006] LAUNCH snlua datacenterd
22/07/22 17:18:14.23 [:00000007] LAUNCH snlua service_mgr
22/07/22 17:18:14.24 [:00000008] LAUNCH snlua log_file_mgr
22/07/22 17:18:14.26 [:00000008] KILL self
22/07/22 17:18:14.26 [:00000002] KILL self
22/07/22 17:18:35.58 [:00000002] LAUNCH snlua bootstrap
22/07/22 17:18:35.58 [:00000003] LAUNCH snlua launcher
22/07/22 17:18:35.58 [:00000004] LAUNCH snlua cdummy
22/07/22 17:18:35.58 [:00000005] LAUNCH harbor 0 4
22/07/22 17:18:35.58 [:00000006] LAUNCH snlua datacenterd
22/07/22 17:18:35.58 [:00000007] LAUNCH snlua service_mgr
22/07/22 17:18:35.58 [:00000008] LAUNCH snlua log_file_mgr
22/07/22 17:18:35.82 [:00000008] KILL self
22/07/22 17:18:35.82 [:00000002] KILL self
22/07/22 17:19:52.81 [:00000002] LAUNCH snlua bootstrap
22/07/22 17:19:52.81 [:00000003] LAUNCH snlua launcher
22/07/22 17:19:52.81 [:00000004] LAUNCH snlua cdummy
22/07/22 17:19:52.81 [:00000005] LAUNCH harbor 0 4
22/07/22 17:19:52.81 [:00000006] LAUNCH snlua datacenterd
22/07/22 17:19:52.81 [:00000007] LAUNCH snlua service_mgr
22/07/22 17:19:52.81 [:00000008] LAUNCH snlua log_file_mgr
22/07/22 17:19:53.05 [:00000008] KILL self
22/07/22 17:19:53.05 [:00000002] KILL self
22/07/22 17:20:12.06 [:00000002] LAUNCH snlua bootstrap
22/07/22 17:20:12.06 [:00000003] LAUNCH snlua launcher
22/07/22 17:20:12.06 [:00000004] LAUNCH snlua cdummy
22/07/22 17:20:12.06 [:00000005] LAUNCH harbor 0 4
22/07/22 17:20:12.06 [:00000006] LAUNCH snlua datacenterd
22/07/22 17:20:12.06 [:00000007] LAUNCH snlua service_mgr
22/07/22 17:20:12.06 [:00000008] LAUNCH snlua log_file_mgr
22/07/22 17:20:12.09 [:00000008] KILL self
22/07/22 17:20:12.09 [:00000002] KILL self
22/07/22 17:22:44.38 [:00000002] LAUNCH snlua bootstrap
22/07/22 17:22:44.38 [:00000003] LAUNCH snlua launcher
22/07/22 17:22:44.38 [:00000004] LAUNCH snlua cdummy
22/07/22 17:22:44.38 [:00000005] LAUNCH harbor 0 4
22/07/22 17:22:44.38 [:00000006] LAUNCH snlua datacenterd
22/07/22 17:22:44.38 [:00000007] LAUNCH snlua service_mgr
22/07/22 17:22:44.39 [:00000008] LAUNCH snlua log_file_mgr
22/07/22 17:22:44.78 [:00000008] KILL self
22/07/22 17:22:44.78 [:00000002] KILL self
22/07/22 17:23:14.60 [:00000002] LAUNCH snlua bootstrap
22/07/22 17:23:14.60 [:00000003] LAUNCH snlua launcher
22/07/22 17:23:14.60 [:00000004] LAUNCH snlua cdummy
22/07/22 17:23:14.60 [:00000005] LAUNCH harbor 0 4
22/07/22 17:23:14.60 [:00000006] LAUNCH snlua datacenterd
22/07/22 17:23:14.60 [:00000007] LAUNCH snlua service_mgr
22/07/22 17:23:14.60 [:00000008] LAUNCH snlua log_file_mgr
22/07/22 17:23:14.65 [:00000008] KILL self
22/07/22 17:23:14.65 [:00000002] KILL self
22/07/22 17:29:18.96 [:00000002] LAUNCH snlua bootstrap
22/07/22 17:29:18.97 [:00000003] LAUNCH snlua launcher
22/07/22 17:29:18.97 [:00000004] LAUNCH snlua cdummy
22/07/22 17:29:18.97 [:00000005] LAUNCH harbor 0 4
22/07/22 17:29:18.97 [:00000006] LAUNCH snlua datacenterd
22/07/22 17:29:18.97 [:00000007] LAUNCH snlua service_mgr
22/07/22 17:29:18.97 [:00000008] LAUNCH snlua log_file_mgr
22/07/22 17:29:19.36 [:00000008] KILL self
22/07/22 17:29:19.36 [:00000002] KILL self
22/07/22 17:29:33.36 [:00000002] LAUNCH snlua bootstrap
22/07/22 17:29:33.36 [:00000003] LAUNCH snlua launcher
22/07/22 17:29:33.36 [:00000004] LAUNCH snlua cdummy
22/07/22 17:29:33.37 [:00000005] LAUNCH harbor 0 4
22/07/22 17:29:33.37 [:00000006] LAUNCH snlua datacenterd
22/07/22 17:29:33.37 [:00000007] LAUNCH snlua service_mgr
22/07/22 17:29:33.37 [:00000008] LAUNCH snlua log_file_mgr
22/07/22 17:29:33.41 [:00000008] KILL self
22/07/22 17:29:33.41 [:00000002] KILL self
22/07/22 17:30:21.23 [:00000002] LAUNCH snlua bootstrap
22/07/22 17:30:21.23 [:00000003] LAUNCH snlua launcher
22/07/22 17:30:21.23 [:00000004] LAUNCH snlua cdummy
22/07/22 17:30:21.24 [:00000005] LAUNCH harbor 0 4
22/07/22 17:30:21.24 [:00000006] LAUNCH snlua datacenterd
22/07/22 17:30:21.24 [:00000007] LAUNCH snlua service_mgr
22/07/22 17:30:21.24 [:00000008] LAUNCH snlua log_file_mgr
22/07/22 17:30:21.62 [:00000008] KILL self
22/07/22 17:30:21.62 [:00000002] KILL self
22/07/22 17:30:35.65 [:00000002] LAUNCH snlua bootstrap
22/07/22 17:30:35.65 [:00000003] LAUNCH snlua launcher
22/07/22 17:30:35.65 [:00000004] LAUNCH snlua cdummy
22/07/22 17:30:35.65 [:00000005] LAUNCH harbor 0 4
22/07/22 17:30:35.65 [:00000006] LAUNCH snlua datacenterd
22/07/22 17:30:35.65 [:00000007] LAUNCH snlua service_mgr
22/07/22 17:30:35.65 [:00000008] LAUNCH snlua log_file_mgr
22/07/22 17:30:35.68 [:00000008] KILL self
22/07/22 17:30:35.68 [:00000002] KILL self
22/07/22 17:30:53.95 [:00000002] LAUNCH snlua bootstrap
22/07/22 17:30:53.95 [:00000003] LAUNCH snlua launcher
22/07/22 17:30:53.95 [:00000004] LAUNCH snlua cdummy
22/07/22 17:30:53.95 [:00000005] LAUNCH harbor 0 4
22/07/22 17:30:53.95 [:00000006] LAUNCH snlua datacenterd
22/07/22 17:30:53.95 [:00000007] LAUNCH snlua service_mgr
22/07/22 17:30:53.95 [:00000008] LAUNCH snlua log_file_mgr
22/07/22 17:30:53.99 [:00000008] KILL self
22/07/22 17:30:53.99 [:00000002] KILL self
22/07/22 17:31:22.43 [:00000002] LAUNCH snlua bootstrap
22/07/22 17:31:22.43 [:00000003] LAUNCH snlua launcher
22/07/22 17:31:22.43 [:00000004] LAUNCH snlua cdummy
22/07/22 17:31:22.43 [:00000005] LAUNCH harbor 0 4
22/07/22 17:31:22.43 [:00000006] LAUNCH snlua datacenterd
22/07/22 17:31:22.43 [:00000007] LAUNCH snlua service_mgr
22/07/22 17:31:22.43 [:00000008] LAUNCH snlua log_file_mgr
22/07/22 17:31:22.76 [:00000008] KILL self
22/07/22 17:31:22.76 [:00000002] KILL self
22/07/22 17:31:45.15 [:00000002] LAUNCH snlua bootstrap
22/07/22 17:31:45.15 [:00000003] LAUNCH snlua launcher
22/07/22 17:31:45.15 [:00000004] LAUNCH snlua cdummy
22/07/22 17:31:45.15 [:00000005] LAUNCH harbor 0 4
22/07/22 17:31:45.15 [:00000006] LAUNCH snlua datacenterd
22/07/22 17:31:45.16 [:00000007] LAUNCH snlua service_mgr
22/07/22 17:31:45.16 [:00000008] LAUNCH snlua log_file_mgr
22/07/22 17:31:45.19 [:00000008] KILL self
22/07/22 17:31:45.19 [:00000002] KILL self
22/07/22 17:39:22.85 [:00000002] LAUNCH snlua bootstrap
22/07/22 17:39:22.85 [:00000003] LAUNCH snlua launcher
22/07/22 17:39:22.85 [:00000004] LAUNCH snlua cdummy
22/07/22 17:39:22.85 [:00000005] LAUNCH harbor 0 4
22/07/22 17:39:22.85 [:00000006] LAUNCH snlua datacenterd
22/07/22 17:39:22.85 [:00000007] LAUNCH snlua service_mgr
22/07/22 17:39:22.86 [:00000008] LAUNCH snlua log_file_mgr
22/07/22 17:39:23.17 [:00000008] KILL self
22/07/22 17:39:23.17 [:00000002] KILL self
22/07/22 17:40:09.27 [:00000002] LAUNCH snlua bootstrap
22/07/22 17:40:09.27 [:00000003] LAUNCH snlua launcher
22/07/22 17:40:09.27 [:00000004] LAUNCH snlua cdummy
22/07/22 17:40:09.27 [:00000005] LAUNCH harbor 0 4
22/07/22 17:40:09.27 [:00000006] LAUNCH snlua datacenterd
22/07/22 17:40:09.27 [:00000007] LAUNCH snlua service_mgr
22/07/22 17:40:09.27 [:00000008] LAUNCH snlua log_file_mgr
22/07/22 17:40:09.58 [:00000008] KILL self
22/07/22 17:40:09.58 [:00000002] KILL self
22/07/22 17:45:25.92 [:00000002] LAUNCH snlua bootstrap
22/07/22 17:45:25.92 [:00000003] LAUNCH snlua launcher
22/07/22 17:45:25.92 [:00000004] LAUNCH snlua cdummy
22/07/22 17:45:25.92 [:00000005] LAUNCH harbor 0 4
22/07/22 17:45:25.92 [:00000006] LAUNCH snlua datacenterd
22/07/22 17:45:25.92 [:00000007] LAUNCH snlua service_mgr
22/07/22 17:45:25.92 [:00000008] LAUNCH snlua log_file_mgr
22/07/22 17:45:26.15 [:00000008] KILL self
22/07/22 17:45:26.15 [:00000002] KILL self
22/07/22 17:49:09.42 [:00000002] LAUNCH snlua bootstrap
22/07/22 17:49:09.42 [:00000003] LAUNCH snlua launcher
22/07/22 17:49:09.42 [:00000004] LAUNCH snlua cdummy
22/07/22 17:49:09.43 [:00000005] LAUNCH harbor 0 4
22/07/22 17:49:09.43 [:00000006] LAUNCH snlua datacenterd
22/07/22 17:49:09.43 [:00000007] LAUNCH snlua service_mgr
22/07/22 17:49:09.43 [:00000008] LAUNCH snlua log_file_mgr
22/07/22 17:49:09.65 [:00000008] KILL self
22/07/22 17:49:09.65 [:00000002] KILL self
22/07/22 17:59:37.80 [:00000002] LAUNCH snlua bootstrap
22/07/22 17:59:37.84 [:00000003] LAUNCH snlua launcher
22/07/22 17:59:37.85 [:00000004] LAUNCH snlua cdummy
22/07/22 17:59:37.85 [:00000005] LAUNCH harbor 0 4
22/07/22 17:59:37.85 [:00000006] LAUNCH snlua datacenterd
22/07/22 17:59:37.86 [:00000007] LAUNCH snlua service_mgr
22/07/22 17:59:37.87 [:00000008] LAUNCH snlua log_file_mgr
22/07/22 17:59:37.87 [:00000008] KILL self
22/07/22 17:59:37.87 [:00000002] KILL self
22/07/22 18:00:28.92 [:00000002] LAUNCH snlua bootstrap
22/07/22 18:00:28.92 [:00000003] LAUNCH snlua launcher
22/07/22 18:00:28.92 [:00000004] LAUNCH snlua cdummy
22/07/22 18:00:28.92 [:00000005] LAUNCH harbor 0 4
22/07/22 18:00:28.92 [:00000006] LAUNCH snlua datacenterd
22/07/22 18:00:28.92 [:00000007] LAUNCH snlua service_mgr
22/07/22 18:00:28.92 [:00000008] LAUNCH snlua log_file_mgr
22/07/22 18:00:28.92 [:00000008] KILL self
22/07/22 18:00:28.92 [:00000002] KILL self
22/07/22 18:04:29.73 [:00000002] LAUNCH snlua bootstrap
22/07/22 18:04:29.73 [:00000003] LAUNCH snlua launcher
22/07/22 18:04:29.73 [:00000004] LAUNCH snlua cdummy
22/07/22 18:04:29.73 [:00000005] LAUNCH harbor 0 4
22/07/22 18:04:29.73 [:00000006] LAUNCH snlua datacenterd
22/07/22 18:04:29.73 [:00000007] LAUNCH snlua service_mgr
22/07/22 18:04:29.74 [:00000008] LAUNCH snlua log_file_mgr
22/07/22 18:04:29.98 [:00000008] KILL self
22/07/22 18:04:29.98 [:00000002] KILL self
22/07/22 18:06:02.21 [:00000002] LAUNCH snlua bootstrap
22/07/22 18:06:02.21 [:00000003] LAUNCH snlua launcher
22/07/22 18:06:02.21 [:00000004] LAUNCH snlua cdummy
22/07/22 18:06:02.21 [:00000005] LAUNCH harbor 0 4
22/07/22 18:06:02.21 [:00000006] LAUNCH snlua datacenterd
22/07/22 18:06:02.21 [:00000007] LAUNCH snlua service_mgr
22/07/22 18:06:02.22 [:00000008] LAUNCH snlua log_file_mgr
22/07/22 18:06:02.22 [:00000008] KILL self
22/07/22 18:06:02.22 [:00000002] KILL self
22/07/22 18:08:31.48 [:00000002] LAUNCH snlua bootstrap
22/07/22 18:08:31.48 [:00000003] LAUNCH snlua launcher
22/07/22 18:08:31.48 [:00000004] LAUNCH snlua cdummy
22/07/22 18:08:31.48 [:00000005] LAUNCH harbor 0 4
22/07/22 18:08:31.48 [:00000006] LAUNCH snlua datacenterd
22/07/22 18:08:31.48 [:00000007] LAUNCH snlua service_mgr
22/07/22 18:08:31.49 [:00000008] LAUNCH snlua log_file_mgr
22/07/22 18:08:31.49 [:00000002] KILL self
26/07/22 12:03:32.68 [:00000002] LAUNCH snlua bootstrap
26/07/22 12:03:32.68 [:00000003] LAUNCH snlua launcher
26/07/22 12:03:32.68 [:00000004] LAUNCH snlua cdummy
26/07/22 12:03:32.68 [:00000005] LAUNCH harbor 0 4
26/07/22 12:03:32.68 [:00000006] LAUNCH snlua datacenterd
26/07/22 12:03:32.68 [:00000007] LAUNCH snlua service_mgr
26/07/22 12:03:32.69 [:00000008] LAUNCH snlua log_file_mgr
26/07/22 12:03:32.69 [:00000008] lua loader error : error loading module 'inotify' from file './luaclib/inotify.so':
	./luaclib/inotify.so: undefined symbol: lua_newuserdata
stack traceback:
	[C]: in ?
	[C]: in upvalue 'require'
	./lualib/skynet/require.lua:31: in function 'require'
	./test_base/log_file/log_file_mgr.lua:3: in local 'main'
	./lualib/loader.lua:50: in main chunk
26/07/22 12:03:32.69 [:00000008] KILL self
26/07/22 12:03:32.69 [:00000002] KILL self
